2024-04-08 12:19:31,046 - INFO - ApiMethodPipeline - Starting Regex Method Article Collection (1945-2024)...
2024-04-08 12:19:31,046 - INFO - ApiDataFetcher - Search terms: ['arms control', 'weapons disarmament', 'arms reduction', 'nuclear disarmament', 'nuclear arms control', 'nuclear proliferation', 'nuclear non-proliferation treaty', 'nuclear deterrence', 'nuclear proliferation treaty'].
2024-04-08 12:19:31,046 - INFO - ApiDataFetcher - Contexual terms: ['nuclear weapons', 'atomic weapons', 'nuclear warheads', 'strategic arms reduction', 'treaty on the non-proliferation of nuclear weapons', 'disarmament agreements', 'nuclear testing', 'nuclear policy', 'nuclear security', 'nuclear strategy', 'nuclear proliferation risks', 'nuclear deterrence policy', 'nuclear security measures', 'nuclear threat assessment'].
2024-04-08 12:52:52,213 - ERROR - ApiDataFetcher - Error fetching data: HTTPSConnectionPool(host='api.nytimes.com', port=443): Max retries exceeded with url: /svc/search/v2/articlesearch.json?q=strategic%20arms%20reduction&begin_date=19560101&end_date=19561231&fq=(type_of_material%3A%22Front%20Page%22)%20OR%20(print_page%3A1)%20AND%20(document_type%3A%22article%22)&fl=headline,pub_date,web_url,keywords&sort=newest&page=1&api-key=9jleO955LNYEMxbaH5A49adGcBJle43K (Caused by NewConnectionError('<urllib3.connection.HTTPSConnection object at 0x120f1ff50>: Failed to establish a new connection: [Errno 8] nodename nor servname provided, or not known'))
2024-04-08 12:57:33,111 - ERROR - ApiDataFetcher - Error fetching data: HTTPSConnectionPool(host='api.nytimes.com', port=443): Max retries exceeded with url: /svc/search/v2/articlesearch.json?q=weapons%20disarmament&begin_date=19570101&end_date=19571231&fq=(type_of_material%3A%22Front%20Page%22)%20OR%20(print_page%3A1)%20AND%20(document_type%3A%22article%22)&fl=headline,pub_date,web_url,keywords&sort=newest&page=9&api-key=9jleO955LNYEMxbaH5A49adGcBJle43K (Caused by NewConnectionError('<urllib3.connection.HTTPSConnection object at 0x121098f90>: Failed to establish a new connection: [Errno 8] nodename nor servname provided, or not known'))
2024-04-08 13:53:45,751 - ERROR - ApiDataFetcher - Error fetching data: HTTPSConnectionPool(host='api.nytimes.com', port=443): Read timed out. (read timeout=None)
2024-04-08 14:07:55,155 - ERROR - ApiDataFetcher - Error fetching data: HTTPSConnectionPool(host='api.nytimes.com', port=443): Read timed out. (read timeout=None)
2024-04-08 14:08:18,703 - ERROR - ApiDataFetcher - Error fetching data: HTTPSConnectionPool(host='api.nytimes.com', port=443): Read timed out. (read timeout=None)
2024-04-08 14:08:44,289 - ERROR - ApiDataFetcher - Error fetching data: HTTPSConnectionPool(host='api.nytimes.com', port=443): Read timed out. (read timeout=None)
2024-04-08 14:08:50,292 - ERROR - ApiDataFetcher - Failed to fetch data from 19660101 - 19661231
2024-04-08 14:09:13,951 - ERROR - ApiDataFetcher - Error fetching data: HTTPSConnectionPool(host='api.nytimes.com', port=443): Read timed out. (read timeout=None)
2024-04-08 14:09:47,960 - ERROR - ApiDataFetcher - Error fetching data: HTTPSConnectionPool(host='api.nytimes.com', port=443): Read timed out. (read timeout=None)
2024-04-08 14:10:14,593 - ERROR - ApiDataFetcher - Error fetching data: HTTPSConnectionPool(host='api.nytimes.com', port=443): Read timed out. (read timeout=None)
2024-04-08 14:10:20,594 - ERROR - ApiDataFetcher - Failed to fetch data from 19660101 - 19661231
2024-04-08 17:40:58,465 - ERROR - ApiDataFetcher - Error fetching data: HTTPSConnectionPool(host='api.nytimes.com', port=443): Max retries exceeded with url: /svc/search/v2/articlesearch.json?q=nuclear%20warheads&begin_date=20030101&end_date=20031231&fq=(type_of_material%3A%22Front%20Page%22)%20OR%20(print_page%3A1)%20AND%20(document_type%3A%22article%22)&fl=headline,pub_date,web_url,keywords&sort=newest&page=2&api-key=9jleO955LNYEMxbaH5A49adGcBJle43K (Caused by ConnectTimeoutError(<urllib3.connection.HTTPSConnection object at 0x1255b7c90>, 'Connection to api.nytimes.com timed out. (connect timeout=None)'))
2024-04-08 17:55:55,418 - ERROR - ApiDataFetcher - Error fetching data: HTTPSConnectionPool(host='api.nytimes.com', port=443): Read timed out. (read timeout=None)
2024-04-08 18:48:54,592 - ERROR - ApiDataFetcher - Error fetching data: 400 Client Error: Bad Request for url: https://api.nytimes.com/svc/search/v2/articlesearch.json?q=nuclear%20strategy&begin_date=20180101&end_date=20181231&fq=(type_of_material%3A%22Front%20Page%22)%20OR%20(print_page%3A1)%20AND%20(document_type%3A%22article%22)&fl=headline,pub_date,web_url,keywords&sort=newest&page=6&api-key=9jleO955LNYEMxbaH5A49adGcBJle43K
2024-04-08 19:09:57,203 - INFO - ApiMethodPipeline - Number of Years: 80 Number of Articles: 31324.
2024-04-08 19:09:57,203 - INFO - ApiMethodPipeline - Finished Regex Method Article Collection (1945-2024).
2024-04-08 19:09:59,256 - INFO - __main__ - Total runtime: 24628.21




2024-04-08 20:09:50,185 - INFO - ApiMethodPipeline - Starting Regex Method Article Collection (1945-1946)...
2024-04-08 20:09:50,186 - INFO - ApiDataFetcher - Search terms: ['arms control', 'weapons disarmament', 'arms reduction', 'nuclear disarmament', 'nuclear arms control', 'nuclear proliferation', 'nuclear non-proliferation treaty', 'nuclear deterrence', 'nuclear proliferation treaty'].
2024-04-08 20:09:50,186 - INFO - ApiDataFetcher - Contexual terms: ['nuclear weapons', 'atomic weapons', 'nuclear warheads', 'strategic arms reduction', 'treaty on the non-proliferation of nuclear weapons', 'disarmament agreements', 'nuclear testing', 'nuclear policy', 'nuclear security', 'nuclear strategy', 'nuclear proliferation risks', 'nuclear deterrence policy', 'nuclear security measures', 'nuclear threat assessment'].
2024-04-08 20:13:49,961 - INFO - ApiMethodPipeline - Number of Years: 2 Number of Articles: 401.
2024-04-08 20:13:49,961 - INFO - ApiMethodPipeline - Finished Regex Method Article Collection (1945-1946).
2024-04-08 20:26:35,985 - INFO - ApiMethodPipeline - Starting Regex Method Article Collection (1945-1946)...
2024-04-08 20:26:35,986 - INFO - ApiDataFetcher - Search terms: ['arms control', 'weapons disarmament', 'arms reduction', 'nuclear disarmament', 'nuclear arms control', 'nuclear proliferation', 'nuclear non-proliferation treaty', 'nuclear deterrence', 'nuclear proliferation treaty'].
2024-04-08 20:26:35,986 - INFO - ApiDataFetcher - Contexual terms: ['nuclear weapons', 'atomic weapons', 'nuclear warheads', 'strategic arms reduction', 'treaty on the non-proliferation of nuclear weapons', 'disarmament agreements', 'nuclear testing', 'nuclear policy', 'nuclear security', 'nuclear strategy', 'nuclear proliferation risks', 'nuclear deterrence policy', 'nuclear security measures', 'nuclear threat assessment'].
